[2026-02-04 01:18:02] [INFO] === 任务调度器启动 ===
[2026-02-04 01:18:02] [INFO] 任务间隔: 30 分钟
[2026-02-04 01:18:02] [INFO] 总任务数: 30
[2026-02-04 01:18:02] [INFO] === 进度概览 ===
[2026-02-04 01:18:02] [INFO] 总任务: 30
[2026-02-04 01:18:02] [INFO] 已完成: 0
[2026-02-04 01:18:02] [INFO] 进度: 0.0%
[2026-02-04 01:18:02] [INFO] 当前任务索引: 0
[2026-02-04 01:18:02] [INFO] === 分类进度 ===
[2026-02-04 01:18:02] [INFO] 基础: 0/9 (0.0%)
[2026-02-04 01:18:02] [INFO] 智能合约: 0/5 (0.0%)
[2026-02-04 01:18:02] [INFO] 优化: 0/3 (0.0%)
[2026-02-04 01:18:02] [INFO] 安全: 0/4 (0.0%)
[2026-02-04 01:18:02] [INFO] Layer2: 0/5 (0.0%)
[2026-02-04 01:18:02] [INFO] DeFi: 0/4 (0.0%)
[2026-02-04 01:18:02] [INFO] Task 1: Solidity 基础 - 安装和配置
[2026-02-04 01:18:02] [INFO]   Category: 基础
[2026-02-04 01:18:02] [INFO]   Estimated Time: 30分钟
[2026-02-04 01:18:02] [INFO]   Difficulty: 初级
[2026-02-04 01:18:02] [INFO]   Description: 安装 Solidity 编译器、配置开发环境、编写第一个 Solidity 合约
[2026-02-04 01:18:02] [INFO] 开始执行任务 1: Solidity 基础 - 安装和配置
[2026-02-04 01:18:02] [INFO]   执行命令: solc --version
[2026-02-04 01:18:02] [ERROR]   命令执行失败: Command 'solc --version' returned non-zero exit status 127.
[2026-02-04 01:18:02] [ERROR] 任务 1 执行失败，将重试...
[2026-02-04 01:18:02] [INFO] 等待 30 分钟...
